-------------------------------------------------------------------------------
Test set: nia.test.chapter9.AbsIntegerEncoderTest
-------------------------------------------------------------------------------
Tests run: 1, Failures: 1, Errors: 0, Skipped: 0, Time elapsed: 0.316 s <<< FAILURE! - in nia.test.chapter9.AbsIntegerEncoderTest
testEncoded(nia.test.chapter9.AbsIntegerEncoderTest)  Time elapsed: 0.256 s  <<< FAILURE!
java.lang.AssertionError: expected:<Optional[1]> but was:<1>
	at nia.test.chapter9.AbsIntegerEncoderTest.testEncoded(AbsIntegerEncoderTest.java:36)

