<?xml version="1.0" encoding="UTF-8"?>
<testsuite xmlns:xsi="http://www.w3.org/2001/XMLSchema-instance" xsi:noNamespaceSchemaLocation="https://maven.apache.org/surefire/maven-surefire-plugin/xsd/surefire-test-report.xsd" name="nia.test.chapter9.FixedLengthFrameDecoderTest" time="0" tests="2" errors="0" skipped="0" failures="0">
  <properties>
[...]
</properties>
  <testcase name="testFramesDecoded" classname="nia.test.chapter9.FixedLengthFrameDecoderTest" time="0"/>
  <testcase name="testFramesDecoded2" classname="nia.test.chapter9.FixedLengthFrameDecoderTest" time="0"/>
</testsuite>